# Transifex resource user-installed-packages-help-mx 
# with minimum completion percent 100%
# generated at Tue, 01 Aug 2023 17:27:09 -0500
   Nr.		Cnt.	 Compl.		Code		Language
   ---		----	 ------		----		--------
     1		  26	   100%    	ca      	ca	Catalan; Valencian
     2		  26	   100%    	de      	de	German
     3		  26	   100%    	es      	es	Spanish; Castilian
     4		  26	   100%    	es_ES   	es	Spanish; Castilian @ Spain
     5		  26	   100%    	fi      	fi	Finnish
     6		  26	   100%    	fr      	fr	French
     7		  26	   100%    	fr_BE   	fr	French @ Belgium
     8		  26	   100%    	hu      	hu	Hungarian
     9		  26	   100%    	it      	it	Italian
    10		  26	   100%    	ja      	ja	Japanese
    11		  26	   100%    	nb      	nb	Bokmål, Norwegian; Norwegian Bokmål
    12		  26	   100%    	pl      	pl	Polish
    13		  26	   100%    	pt      	pt	Portuguese
    14		  26	   100%    	pt_BR   	pt	Portuguese @ Brazil
    15		  26	   100%    	ru      	ru	Russian
    16		  26	   100%    	sl      	sl	Slovenian
    17		  26	   100%    	sq      	sq	Albanian
    18		  26	   100%    	sv      	sv	Swedish
    19		  26	   100%    	tr      	tr	Turkish
